-------------------------------------------------------------------------------
Test set: lat.hackademy.micro.swagger.SpringDocsIntegrationActuatorTest
-------------------------------------------------------------------------------
Tests run: 1, Failures: 1, Errors: 0, Skipped: 0, Time elapsed: 2.16 s <<< FAILURE! - in lat.hackademy.micro.swagger.SpringDocsIntegrationActuatorTest
shouldDisplaySwaggerUiPage  Time elapsed: 0.01 s  <<< FAILURE!
java.lang.AssertionError: Status expected:<200> but was:<401>
	at lat.hackademy.micro.swagger.SpringDocsIntegrationActuatorTest.shouldDisplaySwaggerUiPage(SpringDocsIntegrationActuatorTest.java:64)

