-------------------------------------------------------------------------------
Test set: lat.hackademy.micro.actuator.ActuactorTest
-------------------------------------------------------------------------------
Tests run: 1, Failures: 1, Errors: 0, Skipped: 0, Time elapsed: 19.494 s <<< FAILURE! - in lat.hackademy.micro.actuator.ActuactorTest
greetingShouldReturnActuatorHealth  Time elapsed: 13.046 s  <<< FAILURE!
java.lang.AssertionError: Status expected:<200> but was:<503>
	at lat.hackademy.micro.actuator.ActuactorTest.greetingShouldReturnActuatorHealth(ActuactorTest.java:31)

